<?xml version="1.0" encoding="UTF-8"?>
<testsuite xmlns:xsi="http://www.w3.org/2001/XMLSchema-instance" xsi:noNamespaceSchemaLocation="https://maven.apache.org/surefire/maven-surefire-plugin/xsd/surefire-test-report-3.0.xsd" version="3.0" name="com.vojtechruzicka.springaidemo.SpringAiDemoApplicationTests" time="1.126" tests="1" errors="0" skipped="0" failures="0">
  <properties>
[...]
</properties>
  <testcase name="contextLoads" classname="com.vojtechruzicka.springaidemo.SpringAiDemoApplicationTests" time="0.37">
    <system-out><![CDATA[01:03:21.231 [main] INFO org.springframework.test.context.support.AnnotationConfigContextLoaderUtils -- Could not detect default configuration classes for test class [com.vojtechruzicka.springaidemo.SpringAiDemoApplicationTests]: SpringAiDemoApplicationTests does not declare any static, non-private, non-final, nested classes annotated with @Configuration.
01:03:21.266 [main] INFO org.springframework.boot.test.context.SpringBootTestContextBootstrapper -- Found @SpringBootConfiguration com.vojtechruzicka.springaidemo.SpringAiDemoApplication for test class com.vojtechruzicka.springaidemo.SpringAiDemoApplicationTests

  .   ____          _            __ _ _
 /\\ / ___'_ __ _ _(_)_ __  __ _ \ \ \ \
( ( )\___ | '_ | '_| | '_ \/ _` | \ \ \ \
 \\/  ___)| |_)| | | | | || (_| |  ) ) ) )
  '  |____| .__|_| |_|_| |_\__, | / / / /
 =========|_|==============|___/=/_/_/_/
 :: Spring Boot ::                (v3.2.5)

2025-01-12T01:03:21.369+05:30  WARN 293 --- [spring-ai-demo] [           main] ory$DuplicateJsonObjectContextCustomizer : 

Found multiple occurrences of org.json.JSONObject on the class path:

	jar:file:/Users/i070883/.m2/repository/org/json/json/20231013/json-20231013.jar!/org/json/JSONObject.class
	jar:file:/Users/i070883/.m2/repository/com/vaadin/external/google/android-json/0.0.20131108.vaadin1/android-json-0.0.20131108.vaadin1.jar!/org/json/JSONObject.class

You may wish to exclude one of them to ensure predictable runtime behavior

2025-01-12T01:03:21.373+05:30  INFO 293 --- [spring-ai-demo] [           main] c.v.s.SpringAiDemoApplicationTests       : Starting SpringAiDemoApplicationTests using Java 21.0.5 with PID 293 (started by i070883 in /Users/i070883/Documents/github.com/spring-ai-demo)
2025-01-12T01:03:21.374+05:30  INFO 293 --- [spring-ai-demo] [           main] c.v.s.SpringAiDemoApplicationTests       : No active profile set, falling back to 1 default profile: "default"
2025-01-12T01:03:21.926+05:30  INFO 293 --- [spring-ai-demo] [           main] c.v.s.SpringAiDemoApplicationTests       : Started SpringAiDemoApplicationTests in 0.621 seconds (process running for 0.92)
]]></system-out>
    <system-err><![CDATA[WARNING: A Java agent has been loaded dynamically (/Users/i070883/.m2/repository/net/bytebuddy/byte-buddy-agent/1.14.13/byte-buddy-agent-1.14.13.jar)
WARNING: If a serviceability tool is in use, please run with -XX:+EnableDynamicAgentLoading to hide this warning
WARNING: If a serviceability tool is not in use, please run with -Djdk.instrument.traceUsage for more information
WARNING: Dynamic loading of agents will be disallowed by default in a future release
]]></system-err>
  </testcase>
</testsuite>